build/outputs/mapping/release/seeds.txt
gsrini.movienow.view.R$anim: int abc_fade_in
gsrini.movienow.view.R$anim: int abc_fade_out
gsrini.movienow.view.R$anim: int abc_slide_in_bottom
gsrini.movienow.view.R$anim: int abc_slide_in_top
gsrini.movienow.view.R$anim: int abc_slide_out_bottom
gsrini.movienow.view.R$anim: int abc_slide_out_top
gsrini.movienow.view.R$attr: int actionBarDivider
gsrini.movienow.view.R$attr: int actionBarItemBackground
gsrini.movienow.view.R$attr: int actionBarPopupTheme
gsrini.movienow.view.R$attr: int actionBarSize
gsrini.movienow.view.R$attr: int actionBarSplitStyle
gsrini.movienow.view.R$attr: int actionBarStyle
gsrini.movienow.view.R$attr: int actionBarTabBarStyle
gsrini.movienow.view.R$attr: int actionBarTabStyle
gsrini.movienow.view.R$attr: int actionBarTabTextStyle
gsrini.movienow.view.R$attr: int actionBarTheme
gsrini.movienow.view.R$attr: int actionBarWidgetTheme
gsrini.movienow.view.R$attr: int actionButtonStyle
gsrini.movienow.view.R$attr: int actionDropDownStyle
gsrini.movienow.view.R$attr: int actionLayout
gsrini.movienow.view.R$attr: int actionMenuTextAppearance
gsrini.movienow.view.R$attr: int actionMenuTextColor
gsrini.movienow.view.R$attr: int actionModeBackground
gsrini.movienow.view.R$attr: int actionModeCloseButtonStyle
gsrini.movienow.view.R$attr: int actionModeCloseDrawable
gsrini.movienow.view.R$attr: int actionModeCopyDrawable
gsrini.movienow.view.R$attr: int actionModeCutDrawable
gsrini.movienow.view.R$attr: int actionModeFindDrawable
gsrini.movienow.view.R$attr: int actionModePasteDrawable
gsrini.movienow.view.R$attr: int actionModePopupWindowStyle
gsrini.movienow.view.R$attr: int actionModeSelectAllDrawable
gsrini.movienow.view.R$attr: int actionModeShareDrawable
gsrini.movienow.view.R$attr: int actionModeSplitBackground
gsrini.movienow.view.R$bool: int abc_action_bar_embed_tabs
gsrini.movienow.view.R$bool: int abc_action_bar_embed_tabs_pre_jb
gsrini.movienow.view.R$bool: int abc_action_bar_expanded_action_views_exclusive
gsrini.movienow.view.R$bool: int abc_config_actionMenuItemAllCaps
gsrini.movienow.view.R$bool: int abc_config_allowActionMenuItemTextWithIcon
gsrini.movienow.view.R$bool: int abc_config_showMenuShortcutsWhenKeyboardPresent
gsrini.movienow.view.R$color: int abc_background_cache_hint_selector_material_dark
gsrini.movienow.view.R$color: int abc_background_cache_hint_selector_material_light
gsrini.movienow.view.R$color: int abc_input_method_navigation_guard
gsrini.movienow.view.R$color: int abc_primary_text_disable_only_material_dark
gsrini.movienow.view.R$color: int abc_primary_text_disable_only_material_light
gsrini.movienow.view.R$color: int abc_primary_text_material_dark
gsrini.movienow.view.R$color: int abc_primary_text_material_light
gsrini.movienow.view.R$color: int abc_search_url_text
gsrini.movienow.view.R$color: int abc_search_url_text_normal
gsrini.movienow.view.R$color: int abc_search_url_text_pressed
gsrini.movienow.view.R$color: int abc_search_url_text_selected
gsrini.movienow.view.R$color: int abc_secondary_text_material_dark
gsrini.movienow.view.R$color: int abc_secondary_text_material_light
gsrini.movienow.view.R$color: int accent_material_dark
gsrini.movienow.view.R$color: int accent_material_light
gsrini.movienow.view.R$color: int background_floating_material_dark
gsrini.movienow.view.R$color: int background_floating_material_light
gsrini.movienow.view.R$color: int background_material_dark
gsrini.movienow.view.R$color: int background_material_light
gsrini.movienow.view.R$color: int background_yellow
gsrini.movienow.view.R$color: int black
gsrini.movienow.view.R$color: int bright_foreground_disabled_material_dark
...
android.support.v7.widget.ActionMenuPresenter$SavedState$1
android.support.v7.widget.ActionMenuPresenter$SavedState$1: ActionMenuPresenter$SavedState$1()
android.support.v7.widget.ActionMenuPresenter$SavedState$1: android.support.v7.widget.ActionMenuPresenter$SavedState createFromParcel(android.os.Parcel)
android.support.v7.widget.ActionMenuPresenter$SavedState$1: android.support.v7.widget.ActionMenuPresenter$SavedState[] newArray(int)
android.support.v7.widget.ActionMenuPresenter$SavedState$1: java.lang.Object[] newArray(int)
android.support.v7.widget.ActionMenuPresenter$SavedState$1: java.lang.Object createFromParcel(android.os.Parcel)
android.support.v7.widget.ActionMenuView
android.support.v7.widget.ActionMenuView: java.lang.String TAG
android.support.v7.widget.ActionMenuView: int MIN_CELL_SIZE
android.support.v7.widget.ActionMenuView: int GENERATED_ITEM_PADDING
android.support.v7.widget.ActionMenuView: android.support.v7.internal.view.menu.MenuBuilder mMenu
android.support.v7.widget.ActionMenuView: android.content.Context mContext
android.support.v7.widget.ActionMenuView: android.content.Context mPopupContext
android.support.v7.widget.ActionMenuView: int mPopupTheme
android.support.v7.widget.ActionMenuView: boolean mReserveOverflow
android.support.v7.widget.ActionMenuView: android.support.v7.widget.ActionMenuPresenter mPresenter
android.support.v7.widget.ActionMenuView: android.support.v7.internal.view.menu.MenuPresenter$Callback mActionMenuPresenterCallback
android.support.v7.widget.ActionMenuView: android.support.v7.internal.view.menu.MenuBuilder$Callback mMenuBuilderCallback
android.support.v7.widget.ActionMenuView: boolean mFormatItems
android.support.v7.widget.ActionMenuView: int mFormatItemsWidth
android.support.v7.widget.ActionMenuView: int mMinCellSize
android.support.v7.widget.ActionMenuView: int mGeneratedItemPadding
android.support.v7.widget.ActionMenuView: android.support.v7.widget.ActionMenuView$OnMenuItemClickListener mOnMenuItemClickListener
android.support.v7.widget.ActionMenuView: ActionMenuView(android.content.Context)
android.support.v7.widget.ActionMenuView$1
android.support.v7.widget.ActionMenuView$ActionMenuChildView
android.support.v7.widget.ActionMenuView$ActionMenuChildView: boolean needsDividerBefore()
android.support.v7.widget.ActionMenuView$ActionMenuChildView: boolean needsDividerAfter()
android.support.v7.widget.ActionMenuView$ActionMenuPresenterCallback
android.support.v7.widget.ActionMenuView$ActionMenuPresenterCallback: android.support.v7.widget.ActionMenuView this$0
android.support.v7.widget.ActionMenuView$ActionMenuPresenterCallback: ActionMenuView$ActionMenuPresenterCallback(android.support.v7.widget.ActionMenuView)
android.support.v7.widget.ActionMenuView$ActionMenuPresenterCallback: void onCloseMenu(android.support.v7.internal.view.menu.MenuBuilder,boolean)
android.support.v7.widget.ActionMenuView$ActionMenuPresenterCallback: boolean onOpenSubMenu(android.support.v7.internal.view.menu.MenuBuilder)
android.support.v7.widget.ActionMenuView$ActionMenuPresenterCallback: ActionMenuView$ActionMenuPresenterCallback(android.support.v7.widget.ActionMenuView,android.support.v7.widget.ActionMenuView$1)