build/outputs/mapping/release/mapping.txt
com.google.android.gms.fitness.request.SessionStartRequest -> com.google.android.gms.fitness.request.SessionStartRequest:
    int zzzH -> a
    com.google.android.gms.fitness.data.Session zzacG -> b
    com.google.android.gms.internal.zzjm zzaeH -> c
    java.lang.String zzJd -> d
    android.os.Parcelable$Creator CREATOR -> CREATOR
    com.google.android.gms.fitness.data.Session getSession() -> a
    android.os.IBinder zzpf() -> b
    java.lang.String getPackageName() -> c
    boolean equals(java.lang.Object) -> equals
    int hashCode() -> hashCode
    java.lang.String toString() -> toString
    int getVersionCode() -> d
    int describeContents() -> describeContents
    void writeToParcel(android.os.Parcel,int) -> writeToParcel
com.google.android.gms.fitness.request.SessionStopRequest -> com.google.android.gms.fitness.request.SessionStopRequest:
    int zzzH -> a
    java.lang.String mName -> b
    java.lang.String zzadG -> c
    com.google.android.gms.internal.zzjl zzafC -> d
    java.lang.String zzJd -> e
    android.os.Parcelable$Creator CREATOR -> CREATOR
    java.lang.String getName() -> a
    java.lang.String getIdentifier() -> b
    android.os.IBinder zzpf() -> c
    java.lang.String getPackageName() -> d
    boolean equals(java.lang.Object) -> equals
    int hashCode() -> hashCode
    java.lang.String toString() -> toString
    int getVersionCode() -> e
    int describeContents() -> describeContents
    void writeToParcel(android.os.Parcel,int) -> writeToParcel
com.google.android.gms.fitness.request.SessionUnregistrationRequest -> com.google.android.gms.fitness.request.SessionUnregistrationRequest:
    int zzzH -> a
    android.app.PendingIntent mPendingIntent -> b
    com.google.android.gms.internal.zzjm zzaeH -> c
    java.lang.String zzJd -> d
    android.os.Parcelable$Creator CREATOR -> CREATOR
    android.app.PendingIntent zzpr() -> a
    android.os.IBinder zzpf() -> b
    java.lang.String getPackageName() -> c
    int getVersionCode() -> d
    int describeContents() -> describeContents
    void writeToParcel(android.os.Parcel,int) -> writeToParcel
    java.lang.String toString() -> toString
    boolean equals(java.lang.Object) -> equals
    int hashCode() -> hashCode
com.google.android.gms.fitness.request.StartBleScanRequest -> com.google.android.gms.fitness.request.StartBleScanRequest:
    int zzzH -> a
    java.util.List zzacO -> b
    com.google.android.gms.fitness.request.zzn zzafD -> c
    int zzafE -> d
    com.google.android.gms.internal.zzjm zzaeH -> e
    java.lang.String zzJd -> f
    android.os.Parcelable$Creator CREATOR -> CREATOR
    java.util.List getDataTypes() -> a
    int getTimeoutSecs() -> b
    android.os.IBinder zzpA() -> c
    android.os.IBinder zzpf() -> d
    java.lang.String getPackageName() -> e
    java.lang.String toString() -> toString
    int getVersionCode() -> f
    int describeContents() -> describeContents
    void writeToParcel(android.os.Parcel,int) -> writeToParcel
com.google.android.gms.fitness.request.StopBleScanRequest -> com.google.android.gms.fitness.request.StopBleScanRequest:
    int zzzH -> a
    com.google.android.gms.fitness.request.zzn zzafD -> b
    com.google.android.gms.internal.zzjm zzaeH -> c
    java.lang.String zzJd -> d
    android.os.Parcelable$Creator CREATOR -> CREATOR
    int getVersionCode() -> a
    android.os.IBinder zzpA() -> b
    android.os.IBinder zzpf() -> c
    java.lang.String getPackageName() -> d
    int describeContents() -> describeContents
    void writeToParcel(android.os.Parcel,int) -> writeToParcel