build/outputs/mapping/release/usage.txt
gsrini.movienow.view.BuildConfig
gsrini.movienow.view.R
gsrini.movienow.view.R$anim
gsrini.movienow.view.R$attr
gsrini.movienow.view.R$bool
gsrini.movienow.view.R$color
gsrini.movienow.view.R$dimen
gsrini.movienow.view.R$drawable
gsrini.movienow.view.R$id
gsrini.movienow.view.R$integer
gsrini.movienow.view.R$layout
gsrini.movienow.view.R$menu
gsrini.movienow.view.R$raw
gsrini.movienow.view.R$string
gsrini.movienow.view.R$style
gsrini.movienow.view.R$styleable
gsrini.movienow.view.R$xml
...
android.support.v4.graphics.BitmapCompat
android.support.v4.graphics.BitmapCompat$BaseBitmapImpl
android.support.v4.graphics.BitmapCompat$BitmapImpl
android.support.v4.graphics.BitmapCompat$HcMr1BitmapCompatImpl
android.support.v4.graphics.BitmapCompat$JbMr2BitmapCompatImpl
android.support.v4.graphics.BitmapCompat$KitKatBitmapCompatImpl
android.support.v4.graphics.BitmapCompatHoneycombMr1
android.support.v4.graphics.BitmapCompatJellybeanMR2
android.support.v4.graphics.BitmapCompatKitKat
android.support.v4.graphics.ColorUtils
android.support.v4.graphics.drawable.DrawableCompat:
    27:162:public DrawableCompat()
    299:299:public static android.graphics.drawable.Drawable wrap(android.graphics.drawable.Drawable)
    313:316:public static android.graphics.drawable.Drawable unwrap(android.graphics.drawable.Drawable)
android.support.v4.graphics.drawable.DrawableCompat$BaseDrawableImpl:
    85:85:public android.graphics.drawable.Drawable wrap(android.graphics.drawable.Drawable)
android.support.v4.graphics.drawable.DrawableCompat$DrawableImpl:
    public abstract android.graphics.drawable.Drawable wrap(android.graphics.drawable.Drawable)
android.support.v4.graphics.drawable.DrawableCompat$HoneycombDrawableImpl:
    100:100:public android.graphics.drawable.Drawable wrap(android.graphics.drawable.Drawable)
android.support.v4.graphics.drawable.DrawableCompat$KitKatDrawableImpl:
    120:120:public android.graphics.drawable.Drawable wrap(android.graphics.drawable.Drawable)
android.support.v4.graphics.drawable.DrawableCompat$LollipopDrawableImpl:
    155:155:public android.graphics.drawable.Drawable wrap(android.graphics.drawable.Drawable)
android.support.v4.graphics.drawable.DrawableCompat$LollipopMr1DrawableImpl:
    165:165:public android.graphics.drawable.Drawable wrap(android.graphics.drawable.Drawable)
android.support.v4.graphics.drawable.DrawableCompatApi22
android.support.v4.graphics.drawable.DrawableCompatBase:
    26:26:DrawableCompatBase()
    47:50:public static android.graphics.drawable.Drawable wrapForTinting(android.graphics.drawable.Drawable)
android.support.v4.graphics.drawable.DrawableCompatHoneycomb:
    26:26:DrawableCompatHoneycomb()
    33:36:public static android.graphics.drawable.Drawable wrapForTinting(android.graphics.drawable.Drawable)
android.support.v4.graphics.drawable.DrawableCompatKitKat:
    26:26:DrawableCompatKitKat()
    36:39:public static android.graphics.drawable.Drawable wrapForTinting(android.graphics.drawable.Drawable)
android.support.v4.graphics.drawable.DrawableCompatLollipop:
    27:27:DrawableCompatLollipop()
    72:77:public static android.graphics.drawable.Drawable wrapForTinting(android.graphics.drawable.Drawable)
android.support.v4.graphics.drawable.DrawableWrapper:
    public abstract android.graphics.drawable.Drawable getWrappedDrawable()
    public abstract void setWrappedDrawable(android.graphics.drawable.Drawable)
android.support.v4.graphics.drawable.DrawableWrapperDonut:
    38:46:DrawableWrapperDonut(android.graphics.drawable.Drawable)
    221:221:public android.graphics.drawable.Drawable getWrappedDrawable()
android.support.v4.graphics.drawable.DrawableWrapperHoneycomb:
    24:25:DrawableWrapperHoneycomb(android.graphics.drawable.Drawable)
android.support.v4.graphics.drawable.DrawableWrapperKitKat:
    24:25:DrawableWrapperKitKat(android.graphics.drawable.Drawable)
android.support.v4.graphics.drawable.DrawableWrapperLollipop:
    27:28:DrawableWrapperLollipop(android.graphics.drawable.Drawable)
android.support.v4.graphics.drawable.RoundedBitmapDrawable
android.support.v4.graphics.drawable.RoundedBitmapDrawable21
android.support.v4.graphics.drawable.RoundedBitmapDrawableFactory
android.support.v4.graphics.drawable.RoundedBitmapDrawableFactory$DefaultRoundedBitmapDrawable
android.support.v4.hardware.display.DisplayManagerCompat
android.support.v4.hardware.display.DisplayManagerCompat$JellybeanMr1Impl
android.support.v4.hardware.display.DisplayManagerCompat$LegacyImpl